Determining if the pthread_create exist failed with the following output:
Change Dir: /home/udesc/Área de Trabalho/MFO/Trem/build/CMakeFiles/CMakeTmp

Run Build Command:"/usr/bin/make" "cmTC_afc72/fast"
/usr/bin/make -f CMakeFiles/cmTC_afc72.dir/build.make CMakeFiles/cmTC_afc72.dir/build
make[1]: Entering directory '/home/udesc/Área de Trabalho/MFO/Trem/build/CMakeFiles/CMakeTmp'
Building C object CMakeFiles/cmTC_afc72.dir/CheckSymbolExists.c.o
/usr/bin/cc     -o CMakeFiles/cmTC_afc72.dir/CheckSymbolExists.c.o   -c "/home/udesc/Área de Trabalho/MFO/Trem/build/CMakeFiles/CMakeTmp/CheckSymbolExists.c"
Linking C executable cmTC_afc72
/usr/bin/cmake -E cmake_link_script CMakeFiles/cmTC_afc72.dir/link.txt --verbose=1
/usr/bin/cc       CMakeFiles/cmTC_afc72.dir/CheckSymbolExists.c.o  -o cmTC_afc72 -rdynamic 
CMakeFiles/cmTC_afc72.dir/CheckSymbolExists.c.o: na função `main':
CheckSymbolExists.c:(.text+0x16): referência indefinida para `pthread_create'
collect2: error: ld returned 1 exit status
CMakeFiles/cmTC_afc72.dir/build.make:97: recipe for target 'cmTC_afc72' failed
make[1]: *** [cmTC_afc72] Error 1
make[1]: Leaving directory '/home/udesc/Área de Trabalho/MFO/Trem/build/CMakeFiles/CMakeTmp'
Makefile:126: recipe for target 'cmTC_afc72/fast' failed
make: *** [cmTC_afc72/fast] Error 2

File /home/udesc/Área de Trabalho/MFO/Trem/build/CMakeFiles/CMakeTmp/CheckSymbolExists.c:
/* */
#include <pthread.h>

int main(int argc, char** argv)
{
  (void)argv;
#ifndef pthread_create
  return ((int*)(&pthread_create))[argc];
#else
  (void)argc;
  return 0;
#endif
}

Determining if the function pthread_create exists in the pthreads failed with the following output:
Change Dir: /home/udesc/Área de Trabalho/MFO/Trem/build/CMakeFiles/CMakeTmp

Run Build Command:"/usr/bin/make" "cmTC_81fae/fast"
/usr/bin/make -f CMakeFiles/cmTC_81fae.dir/build.make CMakeFiles/cmTC_81fae.dir/build
make[1]: Entering directory '/home/udesc/Área de Trabalho/MFO/Trem/build/CMakeFiles/CMakeTmp'
Building C object CMakeFiles/cmTC_81fae.dir/CheckFunctionExists.c.o
/usr/bin/cc    -DCHECK_FUNCTION_EXISTS=pthread_create   -o CMakeFiles/cmTC_81fae.dir/CheckFunctionExists.c.o   -c /usr/share/cmake-3.5/Modules/CheckFunctionExists.c
Linking C executable cmTC_81fae
/usr/bin/cmake -E cmake_link_script CMakeFiles/cmTC_81fae.dir/link.txt --verbose=1
/usr/bin/cc   -DCHECK_FUNCTION_EXISTS=pthread_create    CMakeFiles/cmTC_81fae.dir/CheckFunctionExists.c.o  -o cmTC_81fae -rdynamic -lpthreads 
/usr/bin/ld: não foi possível encontrar -lpthreads
collect2: error: ld returned 1 exit status
CMakeFiles/cmTC_81fae.dir/build.make:97: recipe for target 'cmTC_81fae' failed
make[1]: *** [cmTC_81fae] Error 1
make[1]: Leaving directory '/home/udesc/Área de Trabalho/MFO/Trem/build/CMakeFiles/CMakeTmp'
Makefile:126: recipe for target 'cmTC_81fae/fast' failed
make: *** [cmTC_81fae/fast] Error 2


